\BOOKMARK [0][]{bookmark.0.cover.0}{Cover page}{}% 1
\BOOKMARK [0][]{chapter*.1}{Abbreviations and Acronyms}{}% 2
\BOOKMARK [0][]{bookmark.0.contents.0}{Contents}{}% 3
\BOOKMARK [0][]{chapter.1}{1 Introduction}{}% 4
\BOOKMARK [1][-]{section.1.1}{1.1 Problem statement}{chapter.1}% 5
\BOOKMARK [1][-]{section.1.2}{1.2 Helpful hints}{chapter.1}% 6
\BOOKMARK [1][-]{section.1.3}{1.3 Structure of the Thesis}{chapter.1}% 7
\BOOKMARK [0][]{chapter.2}{2 Background}{}% 8
\BOOKMARK [1][-]{section.2.1}{2.1 Smart grids }{chapter.2}% 9
\BOOKMARK [1][-]{section.2.2}{2.2 CIVIS project}{chapter.2}% 10
\BOOKMARK [1][-]{section.2.3}{2.3 Green campus initiative}{chapter.2}% 11
\BOOKMARK [1][-]{section.2.4}{2.4 Big data analytics}{chapter.2}% 12
\BOOKMARK [2][-]{subsection.2.4.1}{2.4.1 Parallel batch processing with MapReduce and Hadoop}{section.2.4}% 13
\BOOKMARK [2][-]{subsection.2.4.2}{2.4.2 \040Real time big data processing }{section.2.4}% 14
\BOOKMARK [3][-]{subsubsection.2.4.2.1}{2.4.2.1 \040Lambda architecture}{subsection.2.4.2}% 15
\BOOKMARK [3][-]{subsubsection.2.4.2.2}{2.4.2.2 Massively parallel processing - MPP databases and query engines}{subsection.2.4.2}% 16
\BOOKMARK [1][-]{section.2.5}{2.5 Energy efficiency and eco-effeciency}{chapter.2}% 17
\BOOKMARK [1][-]{section.2.6}{2.6 Daily consumption patterns, base load and user load}{chapter.2}% 18
\BOOKMARK [1][-]{section.2.7}{2.7 Energy consumption seasonal patterns}{chapter.2}% 19
\BOOKMARK [1][-]{section.2.8}{2.8 Classification of buildings based on energy efficiency}{chapter.2}% 20
\BOOKMARK [2][-]{subsection.2.8.1}{2.8.1 K-means clustering}{section.2.8}% 21
\BOOKMARK [2][-]{subsection.2.8.2}{2.8.2 Forecasting the energy consumption}{section.2.8}% 22
\BOOKMARK [0][]{chapter.3}{3 Environment}{}% 23
\BOOKMARK [1][-]{section.3.1}{3.1 LaTeX working environments}{chapter.3}% 24
\BOOKMARK [2][-]{subsection.3.1.1}{3.1.1 Environment}{section.3.1}% 25
\BOOKMARK [2][-]{subsection.3.1.2}{3.1.2 Editor}{section.3.1}% 26
\BOOKMARK [1][-]{section.3.2}{3.2 Graphics}{chapter.3}% 27
\BOOKMARK [0][]{chapter.4}{4 Methods}{}% 28
\BOOKMARK [0][]{chapter.5}{5 Implementation}{}% 29
\BOOKMARK [0][]{chapter.6}{6 Evaluation}{}% 30
\BOOKMARK [0][]{chapter.7}{7 Discussion}{}% 31
\BOOKMARK [0][]{chapter.8}{8 Conclusions}{}% 32
\BOOKMARK [0][]{appendix.A}{A First appendix}{}% 33
